<?xml version="1.0" encoding="UTF-8"?>
<!-- Generated by org.testng.reporters.JUnitXMLReporter -->
<testsuite ignored="0" hostname="DESKTOP-HOF3APB" failures="0" tests="3" name="Default test" time="33.911" errors="0" timestamp="2024-08-03T10:39:15 CDT">
  <testcase classname="LoginPageTest" name="loginTest" time="8.268"/>
  <testcase classname="LoginPageTest" name="validateAlertMessages" time="0.33"/>
  <testcase classname="LoginPageTest" name="addCustomer" time="13.602"/>
</testsuite> <!-- Default test -->
